/!\ FAILSAFE /!\  Sat Oct 09 01:01:33 +0200 2010
  Status: 500 Internal Server Error
  no such file to load -- sqlite3
    /home/eisregen/.rvm/rubies/ree-1.8.7-2010.02/lib/ruby/site_ruby/1.8/rubygems/custom_require.rb:31:in `gem_original_require'
    /home/eisregen/.rvm/rubies/ree-1.8.7-2010.02/lib/ruby/site_ruby/1.8/rubygems/custom_require.rb:31:in `require'
    /home/eisregen/.rvm/gems/ree-1.8.7-2010.02@wormhole/gems/activesupport-2.3.8/lib/active_support/dependencies.rb:156:in `require'
    /home/eisregen/.rvm/gems/ree-1.8.7-2010.02@wormhole/gems/activesupport-2.3.8/lib/active_support/dependencies.rb:521:in `new_constants_in'
    /home/eisregen/.rvm/gems/ree-1.8.7-2010.02@wormhole/gems/activesupport-2.3.8/lib/active_support/dependencies.rb:156:in `require'
    /home/eisregen/.rvm/gems/ree-1.8.7-2010.02@wormhole/gems/activesupport-2.3.8/lib/active_support/core_ext/kernel/requires.rb:7:in `require_library_or_gem'
    /home/eisregen/.rvm/gems/ree-1.8.7-2010.02@wormhole/gems/activesupport-2.3.8/lib/active_support/core_ext/kernel/reporting.rb:11:in `silence_warnings'
    /home/eisregen/.rvm/gems/ree-1.8.7-2010.02@wormhole/gems/activesupport-2.3.8/lib/active_support/core_ext/kernel/requires.rb:5:in `require_library_or_gem'
    /home/eisregen/.rvm/gems/ree-1.8.7-2010.02@wormhole/gems/activerecord-2.3.8/lib/active_record/connection_adapters/sqlite3_adapter.rb:10:in `sqlite3_connection'
    /home/eisregen/.rvm/gems/ree-1.8.7-2010.02@wormhole/gems/activerecord-2.3.8/lib/active_record/connection_adapters/abstract/connection_pool.rb:223:in `send'
    /home/eisregen/.rvm/gems/ree-1.8.7-2010.02@wormhole/gems/activerecord-2.3.8/lib/active_record/connection_adapters/abstract/connection_pool.rb:223:in `new_connection'
    /home/eisregen/.rvm/gems/ree-1.8.7-2010.02@wormhole/gems/activerecord-2.3.8/lib/active_record/connection_adapters/abstract/connection_pool.rb:245:in `checkout_new_connection'
    /home/eisregen/.rvm/gems/ree-1.8.7-2010.02@wormhole/gems/activerecord-2.3.8/lib/active_record/connection_adapters/abstract/connection_pool.rb:188:in `checkout'
    /home/eisregen/.rvm/gems/ree-1.8.7-2010.02@wormhole/gems/activerecord-2.3.8/lib/active_record/connection_adapters/abstract/connection_pool.rb:184:in `loop'
    /home/eisregen/.rvm/gems/ree-1.8.7-2010.02@wormhole/gems/activerecord-2.3.8/lib/active_record/connection_adapters/abstract/connection_pool.rb:184:in `checkout'
    /home/eisregen/.rvm/rubies/ree-1.8.7-2010.02/lib/ruby/1.8/monitor.rb:242:in `synchronize'
    /home/eisregen/.rvm/gems/ree-1.8.7-2010.02@wormhole/gems/activerecord-2.3.8/lib/active_record/connection_adapters/abstract/connection_pool.rb:183:in `checkout'
    /home/eisregen/.rvm/gems/ree-1.8.7-2010.02@wormhole/gems/activerecord-2.3.8/lib/active_record/connection_adapters/abstract/connection_pool.rb:98:in `connection'
    /home/eisregen/.rvm/gems/ree-1.8.7-2010.02@wormhole/gems/activerecord-2.3.8/lib/active_record/connection_adapters/abstract/connection_pool.rb:326:in `retrieve_connection'
    /home/eisregen/.rvm/gems/ree-1.8.7-2010.02@wormhole/gems/activerecord-2.3.8/lib/active_record/connection_adapters/abstract/connection_specification.rb:123:in `retrieve_connection'
    /home/eisregen/.rvm/gems/ree-1.8.7-2010.02@wormhole/gems/activerecord-2.3.8/lib/active_record/connection_adapters/abstract/connection_specification.rb:115:in `connection'
    /home/eisregen/.rvm/gems/ree-1.8.7-2010.02@wormhole/gems/activerecord-2.3.8/lib/active_record/query_cache.rb:9:in `cache'
    /home/eisregen/.rvm/gems/ree-1.8.7-2010.02@wormhole/gems/activerecord-2.3.8/lib/active_record/query_cache.rb:28:in `call'
    /home/eisregen/.rvm/gems/ree-1.8.7-2010.02@wormhole/gems/activerecord-2.3.8/lib/active_record/connection_adapters/abstract/connection_pool.rb:361:in `call'
    /home/eisregen/.rvm/gems/ree-1.8.7-2010.02@wormhole/gems/actionpack-2.3.8/lib/action_controller/string_coercion.rb:25:in `call'
    /home/eisregen/.rvm/gems/ree-1.8.7-2010.02@wormhole/gems/rack-1.1.0/lib/rack/head.rb:9:in `call'
    /home/eisregen/.rvm/gems/ree-1.8.7-2010.02@wormhole/gems/rack-1.1.0/lib/rack/methodoverride.rb:24:in `call'
    /home/eisregen/.rvm/gems/ree-1.8.7-2010.02@wormhole/gems/actionpack-2.3.8/lib/action_controller/params_parser.rb:15:in `call'
    /home/eisregen/.rvm/gems/ree-1.8.7-2010.02@wormhole/gems/actionpack-2.3.8/lib/action_controller/session/cookie_store.rb:99:in `call'
    /home/eisregen/.rvm/gems/ree-1.8.7-2010.02@wormhole/gems/actionpack-2.3.8/lib/action_controller/failsafe.rb:26:in `call'
    /home/eisregen/.rvm/gems/ree-1.8.7-2010.02@wormhole/gems/rack-1.1.0/lib/rack/lock.rb:11:in `call'
    /home/eisregen/.rvm/gems/ree-1.8.7-2010.02@wormhole/gems/rack-1.1.0/lib/rack/lock.rb:11:in `synchronize'
    /home/eisregen/.rvm/gems/ree-1.8.7-2010.02@wormhole/gems/rack-1.1.0/lib/rack/lock.rb:11:in `call'
    /home/eisregen/.rvm/gems/ree-1.8.7-2010.02@wormhole/gems/actionpack-2.3.8/lib/action_controller/dispatcher.rb:114:in `call'
    /home/eisregen/.rvm/gems/ree-1.8.7-2010.02@wormhole/gems/actionpack-2.3.8/lib/action_controller/reloader.rb:34:in `run'
    /home/eisregen/.rvm/gems/ree-1.8.7-2010.02@wormhole/gems/actionpack-2.3.8/lib/action_controller/dispatcher.rb:108:in `call'
    /home/eisregen/.rvm/gems/ree-1.8.7-2010.02@wormhole/gems/rails-2.3.8/lib/rails/rack/static.rb:31:in `call'
    /home/eisregen/.rvm/gems/ree-1.8.7-2010.02@wormhole/gems/rack-1.1.0/lib/rack/urlmap.rb:47:in `call'
    /home/eisregen/.rvm/gems/ree-1.8.7-2010.02@wormhole/gems/rack-1.1.0/lib/rack/urlmap.rb:41:in `each'
    /home/eisregen/.rvm/gems/ree-1.8.7-2010.02@wormhole/gems/rack-1.1.0/lib/rack/urlmap.rb:41:in `call'
    /home/eisregen/.rvm/gems/ree-1.8.7-2010.02@wormhole/gems/rails-2.3.8/lib/rails/rack/log_tailer.rb:17:in `call'
    /home/eisregen/.rvm/gems/ree-1.8.7-2010.02@wormhole/gems/rack-1.1.0/lib/rack/content_length.rb:13:in `call'
    /home/eisregen/.rvm/gems/ree-1.8.7-2010.02@wormhole/gems/rack-1.1.0/lib/rack/handler/webrick.rb:48:in `service'
    /home/eisregen/.rvm/rubies/ree-1.8.7-2010.02/lib/ruby/1.8/webrick/httpserver.rb:104:in `service'
    /home/eisregen/.rvm/rubies/ree-1.8.7-2010.02/lib/ruby/1.8/webrick/httpserver.rb:65:in `run'
    /home/eisregen/.rvm/rubies/ree-1.8.7-2010.02/lib/ruby/1.8/webrick/server.rb:173:in `start_thread'
    /home/eisregen/.rvm/rubies/ree-1.8.7-2010.02/lib/ruby/1.8/webrick/server.rb:162:in `start'
    /home/eisregen/.rvm/rubies/ree-1.8.7-2010.02/lib/ruby/1.8/webrick/server.rb:162:in `start_thread'
    /home/eisregen/.rvm/rubies/ree-1.8.7-2010.02/lib/ruby/1.8/webrick/server.rb:95:in `start'
    /home/eisregen/.rvm/rubies/ree-1.8.7-2010.02/lib/ruby/1.8/webrick/server.rb:92:in `each'
    /home/eisregen/.rvm/rubies/ree-1.8.7-2010.02/lib/ruby/1.8/webrick/server.rb:92:in `start'
    /home/eisregen/.rvm/rubies/ree-1.8.7-2010.02/lib/ruby/1.8/webrick/server.rb:23:in `start'
    /home/eisregen/.rvm/rubies/ree-1.8.7-2010.02/lib/ruby/1.8/webrick/server.rb:82:in `start'
    /home/eisregen/.rvm/gems/ree-1.8.7-2010.02@wormhole/gems/rack-1.1.0/lib/rack/handler/webrick.rb:14:in `run'
    /home/eisregen/.rvm/gems/ree-1.8.7-2010.02@wormhole/gems/rails-2.3.8/lib/commands/server.rb:111
    /home/eisregen/.rvm/rubies/ree-1.8.7-2010.02/lib/ruby/site_ruby/1.8/rubygems/custom_require.rb:31:in `gem_original_require'
    /home/eisregen/.rvm/rubies/ree-1.8.7-2010.02/lib/ruby/site_ruby/1.8/rubygems/custom_require.rb:31:in `require'
    script/server:3


Processing TestController#index (for 127.0.0.1 at 2010-10-09 01:04:25) [GET]
Rendering test/index
Completed in 25ms (View: 20 | 200 OK [http://localhost/test]


Processing TestController#index (for 127.0.0.1 at 2010-10-09 01:14:07) [GET]
Rendering test/index
Completed in 9ms (View: 3 | 200 OK [http://localhost/test]


Processing TestController#index (for 127.0.0.1 at 2010-10-09 01:14:58) [GET]
Rendering test/index
Completed in 14ms (View: 11 | 200 OK [http://localhost/test]


Processing TestController#index (for 127.0.0.1 at 2010-10-09 01:15:58) [GET]
Rendering test/index
Completed in 15ms (View: 11 | 200 OK [http://localhost/test]


Processing TestController#index (for 127.0.0.1 at 2010-10-09 01:16:13) [GET]
Rendering test/index
Completed in 15ms (View: 12 | 200 OK [http://localhost/test]


Processing TestController#index (for 127.0.0.1 at 2010-10-09 01:16:55) [GET]
Rendering test/index
Completed in 5ms (View: 2 | 200 OK [http://localhost/test]


Processing TestController#index (for 127.0.0.1 at 2010-10-09 01:17:01) [GET]
  Parameters: {"number"=>"12"}
Rendering test/index
Completed in 8ms (View: 3 | 200 OK [http://localhost/test?number=12]


Processing TestController#index (for 127.0.0.1 at 2010-10-09 01:17:51) [GET]
  Parameters: {"number"=>"12"}
Rendering test/index
Completed in 20ms (View: 17 | 200 OK [http://localhost/test?number=12]
